[debug] [2019-07-29T10:16:57.918Z] ----------------------------------------------------------------------
[debug] [2019-07-29T10:16:57.920Z] Command:       C:\Program Files\nodejs\node.exe C:\Users\saido\AppData\Roaming\npm\node_modules\firebase-tools\lib\bin\firebase.js init
[debug] [2019-07-29T10:16:57.920Z] CLI Version:   7.2.1
[debug] [2019-07-29T10:16:57.920Z] Platform:      win32
[debug] [2019-07-29T10:16:57.920Z] Node Version:  v12.4.0
[debug] [2019-07-29T10:16:57.921Z] Time:          Mon Jul 29 2019 12:16:57 GMT+0200 (GMT+02:00)
[debug] [2019-07-29T10:16:57.921Z] ----------------------------------------------------------------------
[debug] 
[debug] [2019-07-29T10:16:57.928Z] > command requires scopes: ["email","openid","https://www.googleapis.com/auth/cloudplatformprojects.readonly","https://www.googleapis.com/auth/firebase","https://www.googleapis.com/auth/cloud-platform"]
[debug] [2019-07-29T10:16:57.929Z] > authorizing via signed-in user
[info] 
     ######## #### ########  ######## ########     ###     ######  ########
     ##        ##  ##     ## ##       ##     ##  ##   ##  ##       ##
     ######    ##  ########  ######   ########  #########  ######  ######
     ##        ##  ##    ##  ##       ##     ## ##     ##       ## ##
     ##       #### ##     ## ######## ########  ##     ##  ######  ########

You're about to initialize a Firebase project in this directory:

  C:\GitHub\environnement\projet\CONTACT-MANAG\CONTACT-MANAG

Before we get started, keep in mind:

  * You are currently outside your home directory

[info] 
=== Project Setup
[info] 
[info] First, let's associate this project directory with a Firebase project.
[info] You can create multiple project aliases by running firebase use --add, 
[info] but for now we'll just set up a default project.
[info] 
[debug] [2019-07-29T10:19:21.701Z] > refreshing access token with scopes: ["email","https://www.googleapis.com/auth/cloud-platform","https://www.googleapis.com/auth/cloudplatformprojects.readonly","https://www.googleapis.com/auth/firebase","openid"]
[debug] [2019-07-29T10:19:21.701Z] >>> HTTP REQUEST POST https://www.googleapis.com/oauth2/v3/token  
 <request body omitted>
[debug] [2019-07-29T10:19:21.825Z] <<< HTTP RESPONSE 200
[debug] [2019-07-29T10:19:21.859Z] >>> HTTP REQUEST GET https://firebase.googleapis.com/v1beta1/projects?page_size=100  
 
[debug] [2019-07-29T10:19:22.181Z] <<< HTTP RESPONSE 200
[info] i  Using project contact-manag (contact-manag)
[info] 
=== Database Setup
[info] 
[info] Firebase Realtime Database Rules allow you to define how your data should be
[info] structured and when your data can be read from and written to.
[info] 
[debug] [2019-07-29T10:20:13.784Z] >>> HTTP REQUEST GET https://contact-manag.firebaseio.com/.settings/rules.json  
 
[debug] [2019-07-29T10:20:14.891Z] Error: connect ECONNREFUSED 192.168.254.53:443
    at TCPConnectWrap.afterConnect [as oncomplete] (net.js:1054:14)
[error] 
[error] Error: Server Error. connect ECONNREFUSED 192.168.254.53:443
